c:\users\ronyy\source\repos\cpp_project_part_3\cpp_project_part_3\debug\vc142.pdb
c:\users\ronyy\source\repos\cpp_project_part_3\cpp_project_part_3\debug\vc142.idb
c:\users\ronyy\source\repos\cpp_project_part_3\cpp_project_part_3\debug\dynamicarray.obj
c:\users\ronyy\source\repos\cpp_project_part_3\cpp_project_part_3\debug\unitedcounty.obj
c:\users\ronyy\source\repos\cpp_project_part_3\cpp_project_part_3\debug\party.obj
c:\users\ronyy\source\repos\cpp_project_part_3\cpp_project_part_3\debug\main.obj
c:\users\ronyy\source\repos\cpp_project_part_3\cpp_project_part_3\debug\baseelections.obj
c:\users\ronyy\source\repos\cpp_project_part_3\cpp_project_part_3\debug\dividingcounty.obj
c:\users\ronyy\source\repos\cpp_project_part_3\cpp_project_part_3\debug\county.obj
c:\users\ronyy\source\repos\cpp_project_part_3\cpp_project_part_3\debug\simpleelections.obj
c:\users\ronyy\source\repos\cpp_project_part_3\cpp_project_part_3\debug\regularelections.obj
c:\users\ronyy\source\repos\cpp_project_part_3\cpp_project_part_3\debug\citizen.obj
c:\users\ronyy\source\repos\cpp_project_part_3\debug\cpp_project_part_3.exe
c:\users\ronyy\source\repos\cpp_project_part_3\debug\cpp_project_part_3.ilk
c:\users\ronyy\source\repos\cpp_project_part_3\debug\cpp_project_part_3.pdb
c:\users\ronyy\source\repos\cpp_project_part_3\cpp_project_part_3\debug\cpp_proj.496d2f3e.tlog\cl.command.1.tlog
c:\users\ronyy\source\repos\cpp_project_part_3\cpp_project_part_3\debug\cpp_proj.496d2f3e.tlog\cl.read.1.tlog
c:\users\ronyy\source\repos\cpp_project_part_3\cpp_project_part_3\debug\cpp_proj.496d2f3e.tlog\cl.write.1.tlog
c:\users\ronyy\source\repos\cpp_project_part_3\cpp_project_part_3\debug\cpp_proj.496d2f3e.tlog\link.command.1.tlog
c:\users\ronyy\source\repos\cpp_project_part_3\cpp_project_part_3\debug\cpp_proj.496d2f3e.tlog\link.read.1.tlog
c:\users\ronyy\source\repos\cpp_project_part_3\cpp_project_part_3\debug\cpp_proj.496d2f3e.tlog\link.write.1.tlog
